android/app/build/intermediates/manifest_merge_blame_file/debug/manifest-merger-blame-debug-report.txt
1<?xml version="1.0" encoding="utf-8"?>
2<manifest xmlns:android="http://schemas.android.com/apk/res/android"
3    package="com.manzil"
4    android:versionCode="1"
5    android:versionName="1.0" >
6
7    <uses-sdk
8        android:minSdkVersion="21"
9        android:targetSdkVersion="30" />
10
11    <uses-permission android:name="android.permission.SYSTEM_ALERT_WINDOW" />
11-->src\debug\AndroidManifest.xml:5:5-77
11-->src\debug\AndroidManifest.xml:5:22-75
12    <uses-permission android:name="android.permission.INTERNET" />
12-->src\main\AndroidManifest.xml:4:5-67
12-->src\main\AndroidManifest.xml:4:22-64
13    <uses-permission android:name="android.permission.ACCESS_WIFI_STATE" />
13-->[com.facebook.flipper:flipper:0.99.0] AndroidManifest.xml:16:5-76
13-->[com.facebook.flipper:flipper:0.99.0] AndroidManifest.xml:16:22-73
14    <uses-permission android:name="android.permission.WAKE_LOCK" />
14-->[:react-native-firebase_messaging] AndroidManifest.xml:10:5-68
14-->[:react-native-firebase_messaging] AndroidManifest.xml:10:22-65
15    <uses-permission android:name="android.permission.ACCESS_NETWORK_STATE" /> <!-- Required by older versions of Google Play services to create IID tokens -->
15-->[:react-native-firebase_messaging] AndroidManifest.xml:11:5-79
15-->[:react-native-firebase_messaging] AndroidManifest.xml:11:22-76
16    <uses-permission android:name="com.google.android.c2dm.permission.RECEIVE" /> <!-- for android -->
16-->[com.google.firebase:firebase-messaging:22.0.0] AndroidManifest.xml:25:5-82
16-->[com.google.firebase:firebase-messaging:22.0.0] AndroidManifest.xml:25:22-79
17    <!-- <uses-permission android:name="com.android.launcher.permission.READ_SETTINGS"/> -->
18    <!-- <uses-permission android:name="com.android.launcher.permission.WRITE_SETTINGS"/> -->
19    <!-- <uses-permission android:name="com.android.launcher.permission.INSTALL_SHORTCUT" /> -->
20    <!-- <uses-permission android:name="com.android.launcher.permission.UNINSTALL_SHORTCUT" /> -->
21    <!-- for Samsung -->
22    <uses-permission android:name="com.sec.android.provider.badge.permission.READ" />
22-->[me.leolin:ShortcutBadger:1.1.22] AndroidManifest.xml:19:5-86
22-->[me.leolin:ShortcutBadger:1.1.22] AndroidManifest.xml:19:22-83
23    <uses-permission android:name="com.sec.android.provider.badge.permission.WRITE" /> <!-- for htc -->
23-->[me.leolin:ShortcutBadger:1.1.22] AndroidManifest.xml:20:5-87
23-->[me.leolin:ShortcutBadger:1.1.22] AndroidManifest.xml:20:22-84
24    <uses-permission android:name="com.htc.launcher.permission.READ_SETTINGS" />
24-->[me.leolin:ShortcutBadger:1.1.22] AndroidManifest.xml:23:5-81
24-->[me.leolin:ShortcutBadger:1.1.22] AndroidManifest.xml:23:22-78
25    <uses-permission android:name="com.htc.launcher.permission.UPDATE_SHORTCUT" /> <!-- for sony -->
25-->[me.leolin:ShortcutBadger:1.1.22] AndroidManifest.xml:24:5-83
25-->[me.leolin:ShortcutBadger:1.1.22] AndroidManifest.xml:24:22-80
26    <uses-permission android:name="com.sonyericsson.home.permission.BROADCAST_BADGE" />
26-->[me.leolin:ShortcutBadger:1.1.22] AndroidManifest.xml:27:5-88
26-->[me.leolin:ShortcutBadger:1.1.22] AndroidManifest.xml:27:22-85
27    <uses-permission android:name="com.sonymobile.home.permission.PROVIDER_INSERT_BADGE" /> <!-- for apex -->
27-->[me.leolin:ShortcutBadger:1.1.22] AndroidManifest.xml:28:5-92
27-->[me.leolin:ShortcutBadger:1.1.22] AndroidManifest.xml:28:22-89
28    <uses-permission android:name="com.anddoes.launcher.permission.UPDATE_COUNT" /> <!-- for solid -->
28-->[me.leolin:ShortcutBadger:1.1.22] AndroidManifest.xml:31:5-84
28-->[me.leolin:ShortcutBadger:1.1.22] AndroidManifest.xml:31:22-81
29    <uses-permission android:name="com.majeur.launcher.permission.UPDATE_BADGE" /> <!-- for huawei -->
29-->[me.leolin:ShortcutBadger:1.1.22] AndroidManifest.xml:34:5-83
29-->[me.leolin:ShortcutBadger:1.1.22] AndroidManifest.xml:34:22-80
30    <uses-permission android:name="com.huawei.android.launcher.permission.CHANGE_BADGE" />
30-->[me.leolin:ShortcutBadger:1.1.22] AndroidManifest.xml:37:5-91
30-->[me.leolin:ShortcutBadger:1.1.22] AndroidManifest.xml:37:22-88
31    <uses-permission android:name="com.huawei.android.launcher.permission.READ_SETTINGS" />
31-->[me.leolin:ShortcutBadger:1.1.22] AndroidManifest.xml:38:5-92
31-->[me.leolin:ShortcutBadger:1.1.22] AndroidManifest.xml:38:22-89
32    <uses-permission android:name="com.huawei.android.launcher.permission.WRITE_SETTINGS" /> <!-- for ZUK -->
32-->[me.leolin:ShortcutBadger:1.1.22] AndroidManifest.xml:39:5-93
32-->[me.leolin:ShortcutBadger:1.1.22] AndroidManifest.xml:39:22-90
33    <uses-permission android:name="android.permission.READ_APP_BADGE" /> <!-- for OPPO -->
33-->[me.leolin:ShortcutBadger:1.1.22] AndroidManifest.xml:42:5-73
33-->[me.leolin:ShortcutBadger:1.1.22] AndroidManifest.xml:42:22-70
34    <uses-permission android:name="com.oppo.launcher.permission.READ_SETTINGS" />
34-->[me.leolin:ShortcutBadger:1.1.22] AndroidManifest.xml:45:5-82
34-->[me.leolin:ShortcutBadger:1.1.22] AndroidManifest.xml:45:22-79
35    <uses-permission android:name="com.oppo.launcher.permission.WRITE_SETTINGS" /> <!-- for EvMe -->
35-->[me.leolin:ShortcutBadger:1.1.22] AndroidManifest.xml:46:5-83
35-->[me.leolin:ShortcutBadger:1.1.22] AndroidManifest.xml:46:22-80
36    <uses-permission android:name="me.everything.badger.permission.BADGE_COUNT_READ" />
36-->[me.leolin:ShortcutBadger:1.1.22] AndroidManifest.xml:49:5-88
36-->[me.leolin:ShortcutBadger:1.1.22] AndroidManifest.xml:49:22-85
37    <uses-permission android:name="me.everything.badger.permission.BADGE_COUNT_WRITE" />
37-->[me.leolin:ShortcutBadger:1.1.22] AndroidManifest.xml:50:5-89
37-->[me.leolin:ShortcutBadger:1.1.22] AndroidManifest.xml:50:22-86
38
39    <application
39-->src\main\AndroidManifest.xml:6:5-24:19
40        android:name="com.manzil.MainApplication"
40-->src\main\AndroidManifest.xml:7:7-38
41        android:allowBackup="false"
41-->src\main\AndroidManifest.xml:11:7-34
42        android:appComponentFactory="androidx.core.app.CoreComponentFactory"
42-->[androidx.core:core:1.5.0] AndroidManifest.xml:24:18-86
43        android:debuggable="true"
44        android:icon="@mipmap/ic_launcher"
44-->src\main\AndroidManifest.xml:9:7-41
45        android:label="@string/app_name"
45-->src\main\AndroidManifest.xml:8:7-39
46        android:roundIcon="@mipmap/ic_launcher_round"
46-->src\main\AndroidManifest.xml:10:7-52
47        android:theme="@style/AppTheme"
47-->src\main\AndroidManifest.xml:12:7-38
48        android:usesCleartextTraffic="true" >
48-->src\debug\AndroidManifest.xml:8:9-44
49        <activity android:name="com.facebook.react.devsupport.DevSettingsActivity" />
49-->src\debug\AndroidManifest.xml:11:9-86
49-->src\debug\AndroidManifest.xml:11:19-83
50        <activity
50-->src\main\AndroidManifest.xml:13:7-23:18
51            android:name="com.manzil.MainActivity"
51-->src\main\AndroidManifest.xml:14:9-37
52            android:configChanges="keyboard|keyboardHidden|orientation|screenSize|uiMode"
52-->src\main\AndroidManifest.xml:16:9-86
53            android:label="@string/app_name"
53-->src\main\AndroidManifest.xml:15:9-41
54            android:launchMode="singleTask"
54-->src\main\AndroidManifest.xml:17:9-40
55            android:windowSoftInputMode="adjustResize" >
55-->src\main\AndroidManifest.xml:18:9-51
56            <intent-filter>
56-->src\main\AndroidManifest.xml:19:9-22:25
57                <action android:name="android.intent.action.MAIN" />
57-->src\main\AndroidManifest.xml:20:13-65
57-->src\main\AndroidManifest.xml:20:21-62
58
59                <category android:name="android.intent.category.LAUNCHER" />
59-->src\main\AndroidManifest.xml:21:13-73
59-->src\main\AndroidManifest.xml:21:23-70
60            </intent-filter>
61        </activity>
62
63        <service android:name="io.invertase.firebase.messaging.ReactNativeFirebaseMessagingHeadlessService" />
63-->[:react-native-firebase_messaging] AndroidManifest.xml:14:9-111
63-->[:react-native-firebase_messaging] AndroidManifest.xml:14:18-108
64        <service
64-->[:react-native-firebase_messaging] AndroidManifest.xml:15:9-21:19
65            android:name="io.invertase.firebase.messaging.ReactNativeFirebaseMessagingService"
65-->[:react-native-firebase_messaging] AndroidManifest.xml:16:13-95
66            android:exported="false" >
66-->[:react-native-firebase_messaging] AndroidManifest.xml:17:13-37
67            <intent-filter>
67-->[:react-native-firebase_messaging] AndroidManifest.xml:18:13-20:29
68                <action android:name="com.google.firebase.MESSAGING_EVENT" />
68-->[:react-native-firebase_messaging] AndroidManifest.xml:19:17-78
68-->[:react-native-firebase_messaging] AndroidManifest.xml:19:25-75
69            </intent-filter>
70        </service>
71
72        <receiver
72-->[:react-native-firebase_messaging] AndroidManifest.xml:23:9-30:20
73            android:name="io.invertase.firebase.messaging.ReactNativeFirebaseMessagingReceiver"
73-->[:react-native-firebase_messaging] AndroidManifest.xml:24:13-96
74            android:exported="true"
74-->[:react-native-firebase_messaging] AndroidManifest.xml:25:13-36
75            android:permission="com.google.android.c2dm.permission.SEND" >
75-->[:react-native-firebase_messaging] AndroidManifest.xml:26:13-73
76            <intent-filter>
76-->[:react-native-firebase_messaging] AndroidManifest.xml:27:13-29:29
77                <action android:name="com.google.android.c2dm.intent.RECEIVE" />
77-->[:react-native-firebase_messaging] AndroidManifest.xml:28:17-81
77-->[:react-native-firebase_messaging] AndroidManifest.xml:28:25-78
78            </intent-filter>
79        </receiver>
80
81        <meta-data
81-->[:react-native-firebase_messaging] AndroidManifest.xml:32:9-34:36
82            android:name="firebase_messaging_auto_init_enabled"
82-->[:react-native-firebase_messaging] AndroidManifest.xml:33:13-64
83            android:value="true" />
83-->[:react-native-firebase_messaging] AndroidManifest.xml:34:13-33
84        <meta-data
84-->[:react-native-firebase_messaging] AndroidManifest.xml:35:9-37:32
85            android:name="com.google.firebase.messaging.default_notification_channel_id"
85-->[:react-native-firebase_messaging] AndroidManifest.xml:36:13-89
86            android:value="" />
86-->[:react-native-firebase_messaging] AndroidManifest.xml:37:13-29
87        <meta-data
87-->[:react-native-firebase_messaging] AndroidManifest.xml:38:9-40:47
88            android:name="com.google.firebase.messaging.default_notification_color"
88-->[:react-native-firebase_messaging] AndroidManifest.xml:39:13-84
89            android:resource="@color/white" />
89-->[:react-native-firebase_messaging] AndroidManifest.xml:40:13-44
90        <meta-data
90-->[:react-native-firebase_app] AndroidManifest.xml:10:9-12:36
91            android:name="app_data_collection_default_enabled"
91-->[:react-native-firebase_app] AndroidManifest.xml:11:13-63
92            android:value="true" />
92-->[:react-native-firebase_app] AndroidManifest.xml:12:13-33
93
94        <service
94-->[:react-native-firebase_app] AndroidManifest.xml:14:9-18:19
95            android:name="com.google.firebase.components.ComponentDiscoveryService"
95-->[:react-native-firebase_app] AndroidManifest.xml:14:18-89
96            android:directBootAware="true"
96-->[com.google.firebase:firebase-common:20.0.0] AndroidManifest.xml:35:13-43
97            android:exported="false" >
97-->[com.google.firebase:firebase-messaging:22.0.0] AndroidManifest.xml:51:13-37
98            <meta-data
98-->[:react-native-firebase_app] AndroidManifest.xml:15:13-17:85
99                android:name="com.google.firebase.components:io.invertase.firebase.app.ReactNativeFirebaseAppRegistrar"
99-->[:react-native-firebase_app] AndroidManifest.xml:16:17-120
100                android:value="com.google.firebase.components.ComponentRegistrar" />
100-->[:react-native-firebase_app] AndroidManifest.xml:17:17-82
101            <meta-data
101-->[com.google.firebase:firebase-messaging:22.0.0] AndroidManifest.xml:52:13-54:85
102                android:name="com.google.firebase.components:com.google.firebase.messaging.FirebaseMessagingRegistrar"
102-->[com.google.firebase:firebase-messaging:22.0.0] AndroidManifest.xml:53:17-119
103                android:value="com.google.firebase.components.ComponentRegistrar" />
103-->[com.google.firebase:firebase-messaging:22.0.0] AndroidManifest.xml:54:17-82
104            <meta-data
104-->[com.google.firebase:firebase-datatransport:18.0.0] AndroidManifest.xml:28:13-30:85
105                android:name="com.google.firebase.components:com.google.firebase.datatransport.TransportRegistrar"
105-->[com.google.firebase:firebase-datatransport:18.0.0] AndroidManifest.xml:29:17-115
106                android:value="com.google.firebase.components.ComponentRegistrar" />
106-->[com.google.firebase:firebase-datatransport:18.0.0] AndroidManifest.xml:30:17-82
107            <meta-data
107-->[com.google.firebase:firebase-installations:17.0.0] AndroidManifest.xml:18:13-20:85
108                android:name="com.google.firebase.components:com.google.firebase.installations.FirebaseInstallationsRegistrar"
108-->[com.google.firebase:firebase-installations:17.0.0] AndroidManifest.xml:19:17-127
109                android:value="com.google.firebase.components.ComponentRegistrar" />
109-->[com.google.firebase:firebase-installations:17.0.0] AndroidManifest.xml:20:17-82
110        </service>
111
112        <provider
112-->[:react-native-firebase_app] AndroidManifest.xml:20:9-24:38
113            android:name="io.invertase.firebase.app.ReactNativeFirebaseAppInitProvider"
113-->[:react-native-firebase_app] AndroidManifest.xml:21:13-88
114            android:authorities="com.manzil.reactnativefirebaseappinitprovider"
114-->[:react-native-firebase_app] AndroidManifest.xml:22:13-86
115            android:exported="false"
115-->[:react-native-firebase_app] AndroidManifest.xml:23:13-37
116            android:initOrder="99" />
116-->[:react-native-firebase_app] AndroidManifest.xml:24:13-35
117
118        <receiver
118-->[com.google.firebase:firebase-messaging:22.0.0] AndroidManifest.xml:28:9-35:20
119            android:name="com.google.firebase.iid.FirebaseInstanceIdReceiver"
119-->[com.google.firebase:firebase-messaging:22.0.0] AndroidManifest.xml:29:13-78
120            android:exported="true"
120-->[com.google.firebase:firebase-messaging:22.0.0] AndroidManifest.xml:30:13-36
121            android:permission="com.google.android.c2dm.permission.SEND" >
121-->[com.google.firebase:firebase-messaging:22.0.0] AndroidManifest.xml:31:13-73
122            <intent-filter>
122-->[:react-native-firebase_messaging] AndroidManifest.xml:27:13-29:29
123                <action android:name="com.google.android.c2dm.intent.RECEIVE" />
123-->[:react-native-firebase_messaging] AndroidManifest.xml:28:17-81
123-->[:react-native-firebase_messaging] AndroidManifest.xml:28:25-78
124            </intent-filter>
125        </receiver>
126        <!--
127             FirebaseMessagingService performs security checks at runtime,
128             but set to not exported to explicitly avoid allowing another app to call it.
129        -->
130        <service
130-->[com.google.firebase:firebase-messaging:22.0.0] AndroidManifest.xml:41:9-48:19
131            android:name="com.google.firebase.messaging.FirebaseMessagingService"
131-->[com.google.firebase:firebase-messaging:22.0.0] AndroidManifest.xml:42:13-82
132            android:directBootAware="true"
132-->[com.google.firebase:firebase-messaging:22.0.0] AndroidManifest.xml:43:13-43
133            android:exported="false" >
133-->[com.google.firebase:firebase-messaging:22.0.0] AndroidManifest.xml:44:13-37
134            <intent-filter android:priority="-500" >
134-->[:react-native-firebase_messaging] AndroidManifest.xml:18:13-20:29
135                <action android:name="com.google.firebase.MESSAGING_EVENT" />
135-->[:react-native-firebase_messaging] AndroidManifest.xml:19:17-78
135-->[:react-native-firebase_messaging] AndroidManifest.xml:19:25-75
136            </intent-filter>
137        </service>
138        <service
138-->[com.google.android.datatransport:transport-backend-cct:3.0.0] AndroidManifest.xml:29:9-35:19
139            android:name="com.google.android.datatransport.runtime.backends.TransportBackendDiscovery"
139-->[com.google.android.datatransport:transport-backend-cct:3.0.0] AndroidManifest.xml:30:13-103
140            android:exported="false" >
140-->[com.google.android.datatransport:transport-backend-cct:3.0.0] AndroidManifest.xml:31:13-37
141            <meta-data
141-->[com.google.android.datatransport:transport-backend-cct:3.0.0] AndroidManifest.xml:32:13-34:39
142                android:name="backend:com.google.android.datatransport.cct.CctBackendFactory"
142-->[com.google.android.datatransport:transport-backend-cct:3.0.0] AndroidManifest.xml:33:17-94
143                android:value="cct" />
143-->[com.google.android.datatransport:transport-backend-cct:3.0.0] AndroidManifest.xml:34:17-36
144        </service>
145        <service
145-->[com.google.android.datatransport:transport-runtime:3.0.0] AndroidManifest.xml:26:9-30:19
146            android:name="com.google.android.datatransport.runtime.scheduling.jobscheduling.JobInfoSchedulerService"
146-->[com.google.android.datatransport:transport-runtime:3.0.0] AndroidManifest.xml:27:13-117
147            android:exported="false"
147-->[com.google.android.datatransport:transport-runtime:3.0.0] AndroidManifest.xml:28:13-37
148            android:permission="android.permission.BIND_JOB_SERVICE" >
148-->[com.google.android.datatransport:transport-runtime:3.0.0] AndroidManifest.xml:29:13-69
149        </service>
150
151        <receiver
151-->[com.google.android.datatransport:transport-runtime:3.0.0] AndroidManifest.xml:32:9-34:40
152            android:name="com.google.android.datatransport.runtime.scheduling.jobscheduling.AlarmManagerSchedulerBroadcastReceiver"
152-->[com.google.android.datatransport:transport-runtime:3.0.0] AndroidManifest.xml:33:13-132
153            android:exported="false" />
153-->[com.google.android.datatransport:transport-runtime:3.0.0] AndroidManifest.xml:34:13-37
154
155        <activity
155-->[com.google.android.gms:play-services-auth:19.2.0] AndroidManifest.xml:23:9-27:75
156            android:name="com.google.android.gms.auth.api.signin.internal.SignInHubActivity"
156-->[com.google.android.gms:play-services-auth:19.2.0] AndroidManifest.xml:24:13-93
157            android:excludeFromRecents="true"
157-->[com.google.android.gms:play-services-auth:19.2.0] AndroidManifest.xml:25:13-46
158            android:exported="false"
158-->[com.google.android.gms:play-services-auth:19.2.0] AndroidManifest.xml:26:13-37
159            android:theme="@android:style/Theme.Translucent.NoTitleBar" />
159-->[com.google.android.gms:play-services-auth:19.2.0] AndroidManifest.xml:27:13-72
160        <!--
161            Service handling Google Sign-In user revocation. For apps that do not integrate with
162            Google Sign-In, this service will never be started.
163        -->
164        <service
164-->[com.google.android.gms:play-services-auth:19.2.0] AndroidManifest.xml:33:9-37:51
165            android:name="com.google.android.gms.auth.api.signin.RevocationBoundService"
165-->[com.google.android.gms:play-services-auth:19.2.0] AndroidManifest.xml:34:13-89
166            android:exported="true"
166-->[com.google.android.gms:play-services-auth:19.2.0] AndroidManifest.xml:35:13-36
167            android:permission="com.google.android.gms.auth.api.signin.permission.REVOCATION_NOTIFICATION"
167-->[com.google.android.gms:play-services-auth:19.2.0] AndroidManifest.xml:36:13-107
168            android:visibleToInstantApps="true" />
168-->[com.google.android.gms:play-services-auth:19.2.0] AndroidManifest.xml:37:13-48
169
170        <activity
170-->[com.google.android.gms:play-services-base:17.5.0] AndroidManifest.xml:23:9-26:75
171            android:name="com.google.android.gms.common.api.GoogleApiActivity"
171-->[com.google.android.gms:play-services-base:17.5.0] AndroidManifest.xml:24:13-79
172            android:exported="false"
172-->[com.google.android.gms:play-services-base:17.5.0] AndroidManifest.xml:25:13-37
173            android:theme="@android:style/Theme.Translucent.NoTitleBar" />
173-->[com.google.android.gms:play-services-base:17.5.0] AndroidManifest.xml:26:13-72
174
175        <provider
175-->[com.google.firebase:firebase-common:20.0.0] AndroidManifest.xml:26:9-31:39
176            android:name="com.google.firebase.provider.FirebaseInitProvider"
176-->[com.google.firebase:firebase-common:20.0.0] AndroidManifest.xml:27:13-77
177            android:authorities="com.manzil.firebaseinitprovider"
177-->[com.google.firebase:firebase-common:20.0.0] AndroidManifest.xml:28:13-72
178            android:directBootAware="true"
178-->[com.google.firebase:firebase-common:20.0.0] AndroidManifest.xml:29:13-43
179            android:exported="false"
179-->[com.google.firebase:firebase-common:20.0.0] AndroidManifest.xml:30:13-37
180            android:initOrder="100" />
180-->[com.google.firebase:firebase-common:20.0.0] AndroidManifest.xml:31:13-36
181
182        <meta-data
182-->[com.google.android.gms:play-services-basement:17.5.0] AndroidManifest.xml:23:9-25:69
183            android:name="com.google.android.gms.version"
183-->[com.google.android.gms:play-services-basement:17.5.0] AndroidManifest.xml:24:13-58
184            android:value="@integer/google_play_services_version" />
184-->[com.google.android.gms:play-services-basement:17.5.0] AndroidManifest.xml:25:13-66
185    </application>
186
187</manifest>